<?xml version="1.0" encoding="UTF-8"?>
<testng-results skipped="0" failed="0" ignored="0" total="1" passed="1">
  <reporter-output>
  </reporter-output>
  <suite name="Default suite" duration-ms="23753" started-at="2021-07-12T16:13:51 IST" finished-at="2021-07-12T16:14:15 IST">
    <groups>
    </groups>
    <test name="Default test" duration-ms="23753" started-at="2021-07-12T16:13:51 IST" finished-at="2021-07-12T16:14:15 IST">
      <class name="DriverFactory.AppTest">
        <test-method status="PASS" signature="apptest()[pri:0, instance:DriverFactory.AppTest@49c43f4e]" name="apptest" duration-ms="23603" started-at="2021-07-12T16:13:51 IST" finished-at="2021-07-12T16:14:15 IST">
          <reporter-output>
          </reporter-output>
        </test-method> <!-- apptest -->
      </class> <!-- DriverFactory.AppTest -->
    </test> <!-- Default test -->
  </suite> <!-- Default suite -->
</testng-results>
